<?xml version="1.0" encoding="UTF-8"?>
<testsuite name="com.sara.workoutforlife.walk.PixelProbeTest" tests="1" skipped="0" failures="1" errors="0" timestamp="2026-07-11T05:19:49.256Z" hostname="lucas" time="13.937">
  <properties/>
  <testcase name="captureSpecimens" classname="com.sara.workoutforlife.walk.PixelProbeTest" time="13.754">
    <failure message="java.lang.AssertionError: Settings+dialog window capture must not be byte-identical to Settings window capture" type="java.lang.AssertionError">java.lang.AssertionError: Settings+dialog window capture must not be byte-identical to Settings window capture
	at org.junit.Assert.fail(Assert.java:89)
	at org.junit.Assert.assertTrue(Assert.java:42)
	at org.junit.Assert.assertFalse(Assert.java:65)
	at com.sara.workoutforlife.walk.PixelProbeTest.captureSpecimens(PixelProbeTest.kt:659)
	at java.base/jdk.internal.reflect.DirectMethodHandleAccessor.invoke(DirectMethodHandleAccessor.java:103)
	at java.base/java.lang.reflect.Method.invoke(Method.java:580)
	at org.junit.runners.model.FrameworkMethod$1.runReflectiveCall(FrameworkMethod.java:59)
	at org.junit.internal.runners.model.ReflectiveCallable.run(ReflectiveCallable.java:12)
	at org.junit.runners.model.FrameworkMethod.invokeExplosively(FrameworkMethod.java:56)
	at org.junit.internal.runners.statements.InvokeMethod.evaluate(InvokeMethod.java:17)
	at androidx.compose.ui.test.junit4.AndroidComposeTestRule$apply$testWithDisposal$1.evaluate(AndroidComposeTestRule.android.kt:322)
	at org.junit.rules.ExternalResource$1.evaluate(ExternalResource.java:54)
	at androidx.compose.ui.test.junit4.AndroidComposeTestRule$apply$1$evaluate$1.invokeSuspend(AndroidComposeTestRule.android.kt:334)
	at androidx.compose.ui.test.junit4.AndroidComposeTestRule$apply$1$evaluate$1.invoke(AndroidComposeTestRule.android.kt)
	at androidx.compose.ui.test.junit4.AndroidComposeTestRule$apply$1$evaluate$1.invoke(AndroidComposeTestRule.android.kt)
	at androidx.compose.ui.test.AndroidComposeUiTestEnvironment$runTest$1$1$1$1$1.invokeSuspend(ComposeUiTest.android.kt:605)
	at androidx.compose.ui.test.AndroidComposeUiTestEnvironment$runTest$1$1$1$1$1.invoke(ComposeUiTest.android.kt)
	at androidx.compose.ui.test.AndroidComposeUiTestEnvironment$runTest$1$1$1$1$1.invoke(ComposeUiTest.android.kt)
	at androidx.compose.ui.test.IdlingStrategy.withStrategy$suspendImpl(IdlingStrategy.android.kt:55)
	at androidx.compose.ui.test.IdlingStrategy.withStrategy(IdlingStrategy.android.kt)
	at androidx.compose.ui.test.AndroidComposeUiTestEnvironment$runTest$1$1.invokeSuspend(ComposeUiTest.android.kt:602)
	at androidx.compose.ui.test.AndroidComposeUiTestEnvironment$runTest$1$1.invoke(ComposeUiTest.android.kt)
	at androidx.compose.ui.test.AndroidComposeUiTestEnvironment$runTest$1$1.invoke(ComposeUiTest.android.kt)
	at kotlinx.coroutines.test.TestBuildersKt__TestBuildersKt$runTest$2$1$1.invokeSuspend(TestBuilders.kt:318)
	at kotlin.coroutines.jvm.internal.BaseContinuationImpl.resumeWith(ContinuationImpl.kt:34)
	at kotlinx.coroutines.DispatchedTask.run(DispatchedTask.kt:101)
	at kotlinx.coroutines.test.TestDispatcher.processEvent$kotlinx_coroutines_test(TestDispatcher.kt:24)
	at kotlinx.coroutines.test.TestCoroutineScheduler.tryRunNextTaskUnless$kotlinx_coroutines_test(TestCoroutineScheduler.kt:99)
	at kotlinx.coroutines.test.TestBuildersKt__TestBuildersKt$runTest$2$1$workRunner$1.invokeSuspend(TestBuilders.kt:327)
	at kotlin.coroutines.jvm.internal.BaseContinuationImpl.resumeWith(ContinuationImpl.kt:34)
	at kotlinx.coroutines.DispatchedTask.run(DispatchedTask.kt:101)
	at kotlinx.coroutines.EventLoopImplBase.processNextEvent(EventLoop.common.kt:263)
	at kotlinx.coroutines.BlockingCoroutine.joinBlocking(Builders.kt:95)
	at kotlinx.coroutines.BuildersKt__BuildersKt.runBlocking(Builders.kt:69)
	at kotlinx.coroutines.BuildersKt.runBlocking(Unknown Source)
	at kotlinx.coroutines.BuildersKt__BuildersKt.runBlocking$default(Builders.kt:47)
	at kotlinx.coroutines.BuildersKt.runBlocking$default(Unknown Source)
	at kotlinx.coroutines.test.TestBuildersJvmKt.createTestResult(TestBuildersJvm.kt:10)
	at kotlinx.coroutines.test.TestBuildersKt__TestBuildersKt.runTest-8Mi8wO0(TestBuilders.kt:310)
	at kotlinx.coroutines.test.TestBuildersKt.runTest-8Mi8wO0(Unknown Source)
	at kotlinx.coroutines.test.TestBuildersKt__TestBuildersKt.runTest-8Mi8wO0(TestBuilders.kt:168)
	at kotlinx.coroutines.test.TestBuildersKt.runTest-8Mi8wO0(Unknown Source)
	at androidx.compose.ui.test.AndroidComposeUiTestEnvironment.runTest(ComposeUiTest.android.kt:585)
	at androidx.compose.ui.test.junit4.AndroidComposeTestRule$apply$1.evaluate(AndroidComposeTestRule.android.kt:334)
	at dagger.hilt.android.internal.testing.MarkThatRulesRanRule$1.evaluate(MarkThatRulesRanRule.java:108)
	at org.junit.rules.RunRules.evaluate(RunRules.java:20)
	at org.junit.runners.ParentRunner$3.evaluate(ParentRunner.java:306)
	at org.robolectric.RobolectricTestRunner$HelperTestRunner$1.evaluate(RobolectricTestRunner.java:524)
	at org.robolectric.internal.SandboxTestRunner.executeInSandbox(SandboxTestRunner.java:494)
	at org.robolectric.internal.SandboxTestRunner.access$900(SandboxTestRunner.java:67)
	at org.robolectric.internal.SandboxTestRunner$7.evaluate(SandboxTestRunner.java:442)
	at org.junit.runners.BlockJUnit4ClassRunner$1.evaluate(BlockJUnit4ClassRunner.java:100)
	at org.junit.runners.ParentRunner.runLeaf(ParentRunner.java:366)
	at org.junit.runners.BlockJUnit4ClassRunner.runChild(BlockJUnit4ClassRunner.java:103)
	at org.robolectric.internal.SandboxTestRunner.access$600(SandboxTestRunner.java:67)
	at org.robolectric.internal.SandboxTestRunner$6.evaluate(SandboxTestRunner.java:333)
	at org.robolectric.internal.SandboxTestRunner$3.evaluate(SandboxTestRunner.java:233)
	at org.robolectric.internal.SandboxTestRunner$5.lambda$evaluate$0(SandboxTestRunner.java:317)
	at org.robolectric.internal.bytecode.Sandbox.lambda$runOnMainThread$0(Sandbox.java:101)
	at java.base/java.util.concurrent.FutureTask.run(FutureTask.java:317)
	at java.base/java.util.concurrent.ThreadPoolExecutor.runWorker(ThreadPoolExecutor.java:1144)
	at java.base/java.util.concurrent.ThreadPoolExecutor$Worker.run(ThreadPoolExecutor.java:642)
	at java.base/java.lang.Thread.run(Thread.java:1583)
</failure>
  </testcase>
  <system-out><![CDATA[PROBE-DIAG captureWindow(): attachedTopLevelViews() size=1
PROBE-DIAG view[0] class=com.android.internal.policy.DecorView width=411 height=915 forcedLayout=false
PROBE-DIAG composeRoots size=1
PROBE-DIAG root[0] bounds=Rect.fromLTRB(0.0, 0.0, 411.0, 915.0) rootForTestClass=androidx.compose.ui.platform.AndroidComposeView ownerViewClass=androidx.compose.ui.platform.AndroidComposeView ownerViewWidth=411 ownerViewHeight=915 topViewClass=com.android.internal.policy.DecorView topViewWidth=411 topViewHeight=915 sameAsOwner=false
PROBE-DIAG captureWindow(): attachedTopLevelViews() size=1
PROBE-DIAG view[0] class=com.android.internal.policy.DecorView width=411 height=915 forcedLayout=false
PROBE-DIAG composeRoots size=1
PROBE-DIAG root[0] bounds=Rect.fromLTRB(0.0, 0.0, 411.0, 915.0) rootForTestClass=androidx.compose.ui.platform.AndroidComposeView ownerViewClass=androidx.compose.ui.platform.AndroidComposeView ownerViewWidth=411 ownerViewHeight=915 topViewClass=com.android.internal.policy.DecorView topViewWidth=411 topViewHeight=915 sameAsOwner=false
PROBE-DIAG captureWindow(): attachedTopLevelViews() size=1
PROBE-DIAG view[0] class=com.android.internal.policy.DecorView width=411 height=915 forcedLayout=false
PROBE-DIAG composeRoots size=1
PROBE-DIAG root[0] bounds=Rect.fromLTRB(0.0, 0.0, 411.0, 915.0) rootForTestClass=androidx.compose.ui.platform.AndroidComposeView ownerViewClass=androidx.compose.ui.platform.AndroidComposeView ownerViewWidth=411 ownerViewHeight=915 topViewClass=com.android.internal.policy.DecorView topViewWidth=411 topViewHeight=915 sameAsOwner=false
PROBE-DIAG captureWindow(): attachedTopLevelViews() size=1
PROBE-DIAG view[0] class=com.android.internal.policy.DecorView width=411 height=915 forcedLayout=false
PROBE-DIAG composeRoots size=1
PROBE-DIAG root[0] bounds=Rect.fromLTRB(0.0, 0.0, 411.0, 915.0) rootForTestClass=androidx.compose.ui.platform.AndroidComposeView ownerViewClass=androidx.compose.ui.platform.AndroidComposeView ownerViewWidth=411 ownerViewHeight=915 topViewClass=com.android.internal.policy.DecorView topViewWidth=411 topViewHeight=915 sameAsOwner=false
PIXELPROBE settings.window.sha256=1de62d4e10c1beb101268c858951854ab118dcc249410e366d4dc29da2412dde dialog.window.sha256=1de62d4e10c1beb101268c858951854ab118dcc249410e366d4dc29da2412dde
PROBE-HELD compose captureToImage unavailable: compose-path captureToImage() failed for specimen 'Today' (robolectric.pixelCopyRenderMode likely not reaching the test JVM as 'hardware' -- see build.gradle.kts testOptions.unitTests.all) cause=androidx.compose.ui.test.ComposeTimeoutException: Condition still not satisfied after 2000 ms
]]></system-out>
  <system-err><![CDATA[]]></system-err>
</testsuite>
