<?xml version="1.0" encoding="UTF-8"?>
<testsuite name="com.sara.workoutforlife.walk.PixelProbeTest" tests="1" skipped="0" failures="0" errors="0" timestamp="2026-07-11T05:52:49.594Z" hostname="lucas" time="11.996">
  <properties/>
  <testcase name="captureSpecimens" classname="com.sara.workoutforlife.walk.PixelProbeTest" time="11.832"/>
  <system-out><![CDATA[PROBE-DIAG captureWindow(): attachedTopLevelViews() size=1
PROBE-DIAG view[0] class=com.android.internal.policy.DecorView width=411 height=915 forcedLayout=false
PROBE-DIAG composeRoots size=1
PROBE-DIAG root[0] bounds=Rect.fromLTRB(0.0, 0.0, 411.0, 915.0) rootForTestClass=androidx.compose.ui.platform.AndroidComposeView ownerViewClass=androidx.compose.ui.platform.AndroidComposeView ownerViewWidth=411 ownerViewHeight=915 topViewClass=com.android.internal.policy.DecorView topViewWidth=411 topViewHeight=915 sameAsOwner=false
PROBE-DIAG captureWindow(): attachedTopLevelViews() size=1
PROBE-DIAG view[0] class=com.android.internal.policy.DecorView width=411 height=915 forcedLayout=false
PROBE-DIAG composeRoots size=1
PROBE-DIAG root[0] bounds=Rect.fromLTRB(0.0, 0.0, 411.0, 915.0) rootForTestClass=androidx.compose.ui.platform.AndroidComposeView ownerViewClass=androidx.compose.ui.platform.AndroidComposeView ownerViewWidth=411 ownerViewHeight=915 topViewClass=com.android.internal.policy.DecorView topViewWidth=411 topViewHeight=915 sameAsOwner=false
PROBE-DIAG captureWindow(): attachedTopLevelViews() size=1
PROBE-DIAG view[0] class=com.android.internal.policy.DecorView width=411 height=915 forcedLayout=false
PROBE-DIAG composeRoots size=1
PROBE-DIAG root[0] bounds=Rect.fromLTRB(0.0, 0.0, 411.0, 915.0) rootForTestClass=androidx.compose.ui.platform.AndroidComposeView ownerViewClass=androidx.compose.ui.platform.AndroidComposeView ownerViewWidth=411 ownerViewHeight=915 topViewClass=com.android.internal.policy.DecorView topViewWidth=411 topViewHeight=915 sameAsOwner=false
PROBE-DIAG restore row hasOnClickAction=true
PROBE-DIAG post-click dialog semantics: title(merged)=1 title(unmerged)=1 roots=2
PROBE-DIAG captureWindow(): attachedTopLevelViews() size=2
PROBE-DIAG view[0] class=com.android.internal.policy.DecorView width=411 height=915 forcedLayout=false
PROBE-DIAG view[1] class=com.android.internal.policy.DecorView width=411 height=226 forcedLayout=false
PROBE-DIAG composeRoots size=2
PROBE-DIAG root[0] bounds=Rect.fromLTRB(0.0, 0.0, 411.0, 915.0) rootForTestClass=androidx.compose.ui.platform.AndroidComposeView ownerViewClass=androidx.compose.ui.platform.AndroidComposeView ownerViewWidth=411 ownerViewHeight=915 topViewClass=com.android.internal.policy.DecorView topViewWidth=411 topViewHeight=915 sameAsOwner=false
PROBE-DIAG root[1] bounds=Rect.fromLTRB(0.0, 0.0, 411.0, 226.0) rootForTestClass=androidx.compose.ui.platform.AndroidComposeView ownerViewClass=androidx.compose.ui.platform.AndroidComposeView ownerViewWidth=411 ownerViewHeight=226 topViewClass=com.android.internal.policy.DecorView topViewWidth=411 topViewHeight=226 sameAsOwner=false
PIXELPROBE settings.window.sha256=1de62d4e10c1beb101268c858951854ab118dcc249410e366d4dc29da2412dde dialog.window.sha256=8f5815b30a49998ac26c5698a874702ac07c86779ac3a752def01ffb434ef45a
PROBE-HELD compose captureToImage unavailable: compose-path captureToImage() failed for specimen 'Today' (robolectric.pixelCopyRenderMode likely not reaching the test JVM as 'hardware' -- see build.gradle.kts testOptions.unitTests.all) cause=androidx.compose.ui.test.ComposeTimeoutException: Condition still not satisfied after 2000 ms
]]></system-out>
  <system-err><![CDATA[]]></system-err>
</testsuite>
